------------------------------------------------------------------------------------------------------------------------

[2022-03-08 15:31:48 #1 store] 
Database 'D:\Aplicaciones\Eclipse\Repositorios De Trabajo\21-22\Bets-21\src\main\resources\bets.temp' is opened by 7696@Portatil

[2022-03-08 15:31:48 #2 type.registry] 
New type domain.Question

[2022-03-08 15:31:48 #3 type] 
Type domain.Question is not enhanced.

[2022-03-08 15:31:48 #4 type.registry] 
New type domain.Event

[2022-03-08 15:31:48 #5 type] 
Type domain.Event is not enhanced.

[2022-03-08 15:31:48 #6 type.registry] 
New type java.util.Vector<domain.Question>

[2022-03-08 15:31:48 #7 type.registry] 
New type java.util.Vector<java.lang.Object>

------------------------------------------------------------------------------------------------------------------------

[2022-03-08 15:42:50 #1 store] 
Database 'D:\Aplicaciones\Eclipse\Repositorios De Trabajo\21-22\Bets-21\src\main\resources\bets.temp' is opened by 15928@Portatil

[2022-03-08 15:42:51 #2 type.registry] 
New type domain.Question

[2022-03-08 15:42:51 #3 type] 
Type domain.Question is not enhanced.

[2022-03-08 15:42:51 #4 type.registry] 
New type domain.Event

[2022-03-08 15:42:51 #5 type] 
Type domain.Event is not enhanced.

[2022-03-08 15:42:51 #6 type.registry] 
New type java.util.Vector<domain.Question>

[2022-03-08 15:42:51 #7 type.registry] 
New type java.util.Vector<java.lang.Object>

------------------------------------------------------------------------------------------------------------------------

[2022-03-08 15:45:55 #1 store] 
Database 'D:\Aplicaciones\Eclipse\Repositorios De Trabajo\21-22\Bets-21\src\main\resources\bets.temp' is opened by 16352@Portatil

[2022-03-08 15:45:55 #2 type.registry] 
New type domain.Question

[2022-03-08 15:45:55 #3 type] 
Type domain.Question is not enhanced.

[2022-03-08 15:45:55 #4 type.registry] 
New type domain.Event

[2022-03-08 15:45:55 #5 type] 
Type domain.Event is not enhanced.

[2022-03-08 15:45:55 #6 type.registry] 
New type java.util.Vector<domain.Question>

[2022-03-08 15:45:55 #7 type.registry] 
New type java.util.Vector<java.lang.Object>

------------------------------------------------------------------------------------------------------------------------

[2022-03-08 15:48:48 #1 store] 
Database 'D:\Aplicaciones\Eclipse\Repositorios De Trabajo\21-22\Bets-21\src\main\resources\bets.temp' is opened by 15836@Portatil

[2022-03-08 15:48:49 #2 type.registry] 
New type domain.Question

[2022-03-08 15:48:49 #3 type] 
Type domain.Question is not enhanced.

[2022-03-08 15:48:49 #4 type.registry] 
New type domain.Event

[2022-03-08 15:48:49 #5 type] 
Type domain.Event is not enhanced.

[2022-03-08 15:48:49 #6 type.registry] 
New type java.util.Vector<domain.Question>

[2022-03-08 15:48:49 #7 type.registry] 
New type java.util.Vector<java.lang.Object>

------------------------------------------------------------------------------------------------------------------------

[2022-03-08 15:49:16 #1 store] 
Database 'D:\Aplicaciones\Eclipse\Repositorios De Trabajo\21-22\Bets-21\src\main\resources\bets.temp' is opened by 904@Portatil

[2022-03-08 15:49:16 #2 type.registry] 
New type domain.Question

[2022-03-08 15:49:16 #3 type] 
Type domain.Question is not enhanced.

[2022-03-08 15:49:16 #4 type.registry] 
New type domain.Event

[2022-03-08 15:49:16 #5 type] 
Type domain.Event is not enhanced.

[2022-03-08 15:49:16 #6 type.registry] 
New type java.util.Vector<domain.Question>

[2022-03-08 15:49:16 #7 type.registry] 
New type java.util.Vector<java.lang.Object>

